[2025-09-03 06:53:07,421] INFO: Logging to data/logs/fetch_author_metrics_20250903_065307.log
[2025-09-03 06:53:07,422] WARNING: No contact email provided (--email/OPENALEX_MAILTO/CONTACT_EMAIL). Requests may be throttled.
[2025-09-03 06:53:07,424] INFO: Detected OpenAlex ID column: OpenAlexID
[2025-09-03 06:53:07,425] INFO: Loaded previous output for diffing: data/roster_with_metrics.csv
[2025-09-03 06:53:07,426] INFO: [fetch] Row 1/109: A5063855248
[2025-09-03 06:53:07,793] INFO: [fetch] Row 2/109: A5041931998
[2025-09-03 06:53:08,154] INFO: [fetch] Row 3/109: a5070032603
[2025-09-03 06:53:08,523] INFO: [fetch] Row 4/109: a5065477883
[2025-09-03 06:53:09,046] INFO: [fetch] Row 5/109: a5013565849
[2025-09-03 06:53:09,349] INFO: [fetch] Row 6/109: A5076712876
[2025-09-03 06:53:09,693] INFO: [fetch] Row 7/109: A5086209639
[2025-09-03 06:53:10,027] INFO: [fetch] Row 8/109: A5089209732
[2025-09-03 06:53:10,352] INFO: [fetch] Row 9/109: A5084794761
[2025-09-03 06:53:10,787] INFO: [fetch] Row 10/109: A5069484372
[2025-09-03 06:53:11,112] INFO: [fetch] Row 11/109: a5109335726
[2025-09-03 06:53:11,451] INFO: [fetch] Row 12/109: A5067480948
[2025-09-03 06:53:11,783] INFO: [fetch] Row 13/109: A5010143483
[2025-09-03 06:53:12,166] INFO: [fetch] Row 14/109: A5082944188
[2025-09-03 06:53:12,524] INFO: [fetch] Row 15/109: a5073387012
[2025-09-03 06:53:12,866] INFO: [fetch] Row 16/109: A5089057590
[2025-09-03 06:53:13,273] INFO: [fetch] Row 17/109: a5055718766
[2025-09-03 06:53:13,827] INFO: [fetch] Row 18/109: a5071220212
[2025-09-03 06:53:14,206] INFO: [fetch] Row 19/109: a5065053670
[2025-09-03 06:53:14,679] INFO: [fetch] Row 20/109: A5007729024
[2025-09-03 06:53:15,019] INFO: [fetch] Row 21/109: A5029718330
[2025-09-03 06:53:15,432] INFO: [fetch] Row 22/109: a5042282780
[2025-09-03 06:53:15,806] INFO: [fetch] Row 23/109: A5020766540
[2025-09-03 06:53:16,143] INFO: [fetch] Row 24/109: A5014665566
[2025-09-03 06:53:16,472] INFO: [fetch] Row 25/109: A5049344986
[2025-09-03 06:53:16,816] INFO: [fetch] Row 26/109: A5002175344
[2025-09-03 06:53:17,285] INFO: [fetch] Row 27/109: a5113569616
[2025-09-03 06:53:17,640] INFO: [fetch] Row 28/109: A5042849572
[2025-09-03 06:53:18,025] INFO: [fetch] Row 29/109: a5080173650
[2025-09-03 06:53:18,497] INFO: [fetch] Row 30/109: A5026980878
[2025-09-03 06:53:18,881] INFO: [fetch] Row 31/109: A5067337817
[2025-09-03 06:53:19,276] INFO: [fetch] Row 32/109: a5109244759
[2025-09-03 06:53:19,620] INFO: [fetch] Row 33/109: A5040335896
[2025-09-03 06:53:19,942] INFO: [fetch] Row 34/109: A5002421690
[2025-09-03 06:53:20,294] INFO: [fetch] Row 35/109: a5079772694
[2025-09-03 06:53:20,618] INFO: [fetch] Row 36/109: A5047819225
[2025-09-03 06:53:20,966] INFO: [fetch] Row 37/109: A5049499964
[2025-09-03 06:53:21,304] INFO: [fetch] Row 38/109: A5029134801
[2025-09-03 06:53:21,724] INFO: [fetch] Row 39/109: a5077303655
[2025-09-03 06:53:22,046] INFO: [fetch] Row 40/109: A5056052208
[2025-09-03 06:53:22,374] INFO: [fetch] Row 41/109: a5035453779
[2025-09-03 06:53:22,793] INFO: [fetch] Row 42/109: A5080144419
[2025-09-03 06:53:23,143] INFO: [fetch] Row 43/109: A5004952410
[2025-09-03 06:53:23,500] INFO: [fetch] Row 44/109: A5021419374
[2025-09-03 06:53:23,852] INFO: [fetch] Row 45/109: A5035368724
[2025-09-03 06:53:24,223] INFO: [fetch] Row 46/109: a5053621056
[2025-09-03 06:53:24,550] INFO: [fetch] Row 47/109: A5015394037
[2025-09-03 06:53:24,956] INFO: [fetch] Row 48/109: A5037722586
[2025-09-03 06:53:25,297] INFO: [fetch] Row 49/109: a5108618818
[2025-09-03 06:53:25,682] INFO: [fetch] Row 50/109: :a5027504302
[2025-09-03 06:53:25,781] WARNING: Failed to fetch https://api.openalex.org/authors/:a5027504302: HTTP 404
[2025-09-03 06:53:26,031] INFO: [fetch] Row 51/109: A5080622790
[2025-09-03 06:53:26,359] INFO: [fetch] Row 52/109: A5027297591
[2025-09-03 06:53:26,671] INFO: [fetch] Row 53/109: a5031130984
[2025-09-03 06:53:27,005] INFO: [fetch] Row 54/109: A5045680634
[2025-09-03 06:53:27,564] INFO: [fetch] Row 55/109: A5008482024
[2025-09-03 06:53:27,933] INFO: [fetch] Row 56/109: A5000532437
[2025-09-03 06:53:28,261] INFO: [fetch] Row 57/109: A5013092722
[2025-09-03 06:53:28,599] INFO: [fetch] Row 58/109: A5005216717
[2025-09-03 06:53:29,016] INFO: [fetch] Row 59/109: A5034107669
[2025-09-03 06:53:29,353] INFO: [fetch] Row 60/109: A5034269087
[2025-09-03 06:53:29,710] INFO: [fetch] Row 61/109: A5073325578
[2025-09-03 06:53:30,086] INFO: [fetch] Row 62/109: A5007215493
[2025-09-03 06:53:30,541] INFO: [fetch] Row 63/109: A5022758375
[2025-09-03 06:53:30,894] INFO: [fetch] Row 64/109: a5067187666
[2025-09-03 06:53:31,291] INFO: [fetch] Row 65/109: A5081438881
[2025-09-03 06:53:31,749] INFO: [fetch] Row 66/109: A5091612127
[2025-09-03 06:53:32,070] INFO: [fetch] Row 67/109: a5082325988
[2025-09-03 06:53:32,392] INFO: [fetch] Row 68/109: A5061166792
[2025-09-03 06:53:32,917] INFO: [fetch] Row 69/109: a5081415562
[2025-09-03 06:53:33,320] INFO: [skip] Row 70/109: missing OpenAlexID
[2025-09-03 06:53:33,320] INFO: [skip] Row 71/109: missing OpenAlexID
[2025-09-03 06:53:33,320] INFO: [fetch] Row 72/109: A5033184624
[2025-09-03 06:53:33,683] INFO: [skip] Row 73/109: missing OpenAlexID
[2025-09-03 06:53:33,683] INFO: [skip] Row 74/109: missing OpenAlexID
[2025-09-03 06:53:33,683] INFO: [skip] Row 75/109: missing OpenAlexID
[2025-09-03 06:53:33,683] INFO: [skip] Row 76/109: missing OpenAlexID
[2025-09-03 06:53:33,684] INFO: [skip] Row 77/109: missing OpenAlexID
[2025-09-03 06:53:33,684] INFO: [skip] Row 78/109: missing OpenAlexID
[2025-09-03 06:53:33,684] INFO: [skip] Row 79/109: missing OpenAlexID
[2025-09-03 06:53:33,684] INFO: [fetch] Row 80/109: A5069240657
[2025-09-03 06:53:34,048] INFO: [skip] Row 81/109: missing OpenAlexID
[2025-09-03 06:53:34,049] INFO: [skip] Row 82/109: missing OpenAlexID
[2025-09-03 06:53:34,049] INFO: [skip] Row 83/109: missing OpenAlexID
[2025-09-03 06:53:34,049] INFO: [skip] Row 84/109: missing OpenAlexID
[2025-09-03 06:53:34,049] INFO: [fetch] Row 85/109: A5040299789
[2025-09-03 06:53:34,410] INFO: [fetch] Row 86/109: A5072804336
[2025-09-03 06:53:34,747] INFO: [fetch] Row 87/109: a5099938280
[2025-09-03 06:53:35,155] INFO: [skip] Row 88/109: missing OpenAlexID
[2025-09-03 06:53:35,155] INFO: [skip] Row 89/109: missing OpenAlexID
[2025-09-03 06:53:35,155] INFO: [skip] Row 90/109: missing OpenAlexID
[2025-09-03 06:53:35,155] INFO: [skip] Row 91/109: missing OpenAlexID
[2025-09-03 06:53:35,156] INFO: [skip] Row 92/109: missing OpenAlexID
[2025-09-03 06:53:35,156] INFO: [fetch] Row 93/109: A5060613378
[2025-09-03 06:53:35,548] INFO: [skip] Row 94/109: missing OpenAlexID
[2025-09-03 06:53:35,548] INFO: [skip] Row 95/109: missing OpenAlexID
[2025-09-03 06:53:35,548] INFO: [fetch] Row 96/109: A5068345890
[2025-09-03 06:53:35,912] INFO: [fetch] Row 97/109: A5015608769
[2025-09-03 06:53:36,374] INFO: [skip] Row 98/109: missing OpenAlexID
[2025-09-03 06:53:36,374] INFO: [skip] Row 99/109: missing OpenAlexID
[2025-09-03 06:53:36,374] INFO: [skip] Row 100/109: missing OpenAlexID
[2025-09-03 06:53:36,375] INFO: [fetch] Row 101/109: A5012773550
[2025-09-03 06:53:36,736] INFO: [skip] Row 102/109: missing OpenAlexID
[2025-09-03 06:53:36,736] INFO: [fetch] Row 103/109: A5076324446
[2025-09-03 06:53:37,085] INFO: [fetch] Row 104/109: A5064576180
[2025-09-03 06:53:37,412] INFO: [fetch] Row 105/109: A5042190192
[2025-09-03 06:53:37,802] INFO: [fetch] Row 106/109: A5021145543
[2025-09-03 06:53:38,142] INFO: [skip] Row 107/109: missing OpenAlexID
[2025-09-03 06:53:38,142] INFO: [skip] Row 108/109: missing OpenAlexID
[2025-09-03 06:53:38,142] INFO: [skip] Row 109/109: missing OpenAlexID
[2025-09-03 06:53:38,144] INFO: [diff] H_index: 0 rows changed; total delta = 0.0
[2025-09-03 06:53:38,144] INFO: [diff] I10_index: 0 rows changed; total delta = 0.0
[2025-09-03 06:53:38,145] INFO: [diff] Works_count: 1 rows changed; total delta = 1.0
[2025-09-03 06:53:38,146] INFO: [diff] Total_citations: 14 rows changed; total delta = 189.0
[2025-09-03 06:53:38,147] INFO: [ok] Wrote: data/roster_with_metrics.csv
