[2025-08-30 06:53:37,557] INFO: Logging to data/logs/fetch_author_metrics_20250830_065337.log
[2025-08-30 06:53:37,558] WARNING: No contact email provided (--email/OPENALEX_MAILTO/CONTACT_EMAIL). Requests may be throttled.
[2025-08-30 06:53:37,560] INFO: Detected OpenAlex ID column: OpenAlexID
[2025-08-30 06:53:37,561] INFO: Loaded previous output for diffing: data/roster_with_metrics.csv
[2025-08-30 06:53:37,561] INFO: [fetch] Row 1/109: A5063855248
[2025-08-30 06:53:37,928] INFO: [fetch] Row 2/109: A5041931998
[2025-08-30 06:53:38,262] INFO: [fetch] Row 3/109: a5070032603
[2025-08-30 06:53:38,621] INFO: [fetch] Row 4/109: a5065477883
[2025-08-30 06:53:39,000] INFO: [fetch] Row 5/109: a5013565849
[2025-08-30 06:53:39,481] INFO: [fetch] Row 6/109: A5076712876
[2025-08-30 06:53:39,865] INFO: [fetch] Row 7/109: A5086209639
[2025-08-30 06:53:40,195] INFO: [fetch] Row 8/109: A5089209732
[2025-08-30 06:53:40,652] INFO: [fetch] Row 9/109: A5084794761
[2025-08-30 06:53:40,984] INFO: [fetch] Row 10/109: A5069484372
[2025-08-30 06:53:41,336] INFO: [fetch] Row 11/109: a5109335726
[2025-08-30 06:53:41,669] INFO: [fetch] Row 12/109: A5067480948
[2025-08-30 06:53:42,029] INFO: [fetch] Row 13/109: A5010143483
[2025-08-30 06:53:42,463] INFO: [fetch] Row 14/109: A5082944188
[2025-08-30 06:53:42,808] INFO: [fetch] Row 15/109: a5073387012
[2025-08-30 06:53:43,158] INFO: [fetch] Row 16/109: A5089057590
[2025-08-30 06:53:43,486] INFO: [fetch] Row 17/109: a5055718766
[2025-08-30 06:53:43,812] INFO: [fetch] Row 18/109: a5071220212
[2025-08-30 06:53:44,132] INFO: [fetch] Row 19/109: a5065053670
[2025-08-30 06:53:44,473] INFO: [fetch] Row 20/109: A5007729024
[2025-08-30 06:53:44,809] INFO: [fetch] Row 21/109: A5029718330
[2025-08-30 06:53:45,116] INFO: [fetch] Row 22/109: a5042282780
[2025-08-30 06:53:45,470] INFO: [fetch] Row 23/109: A5020766540
[2025-08-30 06:53:45,798] INFO: [fetch] Row 24/109: A5014665566
[2025-08-30 06:53:46,157] INFO: [fetch] Row 25/109: A5049344986
[2025-08-30 06:53:46,516] INFO: [fetch] Row 26/109: A5002175344
[2025-08-30 06:53:46,852] INFO: [fetch] Row 27/109: a5113569616
[2025-08-30 06:53:47,181] INFO: [fetch] Row 28/109: A5042849572
[2025-08-30 06:53:47,506] INFO: [fetch] Row 29/109: a5080173650
[2025-08-30 06:53:47,831] INFO: [fetch] Row 30/109: A5026980878
[2025-08-30 06:53:48,161] INFO: [fetch] Row 31/109: A5067337817
[2025-08-30 06:53:48,516] INFO: [fetch] Row 32/109: a5109244759
[2025-08-30 06:53:48,910] INFO: [fetch] Row 33/109: A5040335896
[2025-08-30 06:53:49,260] INFO: [fetch] Row 34/109: A5002421690
[2025-08-30 06:53:49,600] INFO: [fetch] Row 35/109: a5079772694
[2025-08-30 06:53:49,921] INFO: [fetch] Row 36/109: A5047819225
[2025-08-30 06:53:50,262] INFO: [fetch] Row 37/109: A5049499964
[2025-08-30 06:53:50,604] INFO: [fetch] Row 38/109: A5029134801
[2025-08-30 06:53:50,929] INFO: [fetch] Row 39/109: a5077303655
[2025-08-30 06:53:51,278] INFO: [fetch] Row 40/109: A5056052208
[2025-08-30 06:53:51,610] INFO: [fetch] Row 41/109: a5035453779
[2025-08-30 06:53:51,939] INFO: [fetch] Row 42/109: A5080144419
[2025-08-30 06:53:52,290] INFO: [fetch] Row 43/109: A5004952410
[2025-08-30 06:53:52,619] INFO: [fetch] Row 44/109: A5021419374
[2025-08-30 06:53:52,951] INFO: [fetch] Row 45/109: A5035368724
[2025-08-30 06:53:53,309] INFO: [fetch] Row 46/109: a5053621056
[2025-08-30 06:53:53,659] INFO: [fetch] Row 47/109: A5015394037
[2025-08-30 06:53:54,002] INFO: [fetch] Row 48/109: A5037722586
[2025-08-30 06:53:54,333] INFO: [fetch] Row 49/109: a5108618818
[2025-08-30 06:53:54,675] INFO: [fetch] Row 50/109: :a5027504302
[2025-08-30 06:53:54,737] WARNING: Failed to fetch https://api.openalex.org/authors/:a5027504302: HTTP 404
[2025-08-30 06:53:54,987] INFO: [fetch] Row 51/109: A5080622790
[2025-08-30 06:53:55,323] INFO: [fetch] Row 52/109: A5027297591
[2025-08-30 06:53:55,672] INFO: [fetch] Row 53/109: a5031130984
[2025-08-30 06:53:56,003] INFO: [fetch] Row 54/109: A5045680634
[2025-08-30 06:53:56,324] INFO: [fetch] Row 55/109: A5008482024
[2025-08-30 06:53:56,654] INFO: [fetch] Row 56/109: A5000532437
[2025-08-30 06:53:57,005] INFO: [fetch] Row 57/109: A5013092722
[2025-08-30 06:53:57,435] INFO: [fetch] Row 58/109: A5005216717
[2025-08-30 06:53:57,776] INFO: [fetch] Row 59/109: A5034107669
[2025-08-30 06:53:58,109] INFO: [fetch] Row 60/109: A5034269087
[2025-08-30 06:53:58,445] INFO: [fetch] Row 61/109: A5073325578
[2025-08-30 06:53:58,774] INFO: [fetch] Row 62/109: A5007215493
[2025-08-30 06:53:59,101] INFO: [fetch] Row 63/109: A5022758375
[2025-08-30 06:53:59,423] INFO: [fetch] Row 64/109: a5067187666
[2025-08-30 06:53:59,778] INFO: [fetch] Row 65/109: A5081438881
[2025-08-30 06:54:00,100] INFO: [fetch] Row 66/109: A5091612127
[2025-08-30 06:54:00,429] INFO: [fetch] Row 67/109: a5082325988
[2025-08-30 06:54:00,791] INFO: [fetch] Row 68/109: A5061166792
[2025-08-30 06:54:01,116] INFO: [fetch] Row 69/109: a5081415562
[2025-08-30 06:54:01,452] INFO: [skip] Row 70/109: missing OpenAlexID
[2025-08-30 06:54:01,452] INFO: [skip] Row 71/109: missing OpenAlexID
[2025-08-30 06:54:01,452] INFO: [fetch] Row 72/109: A5033184624
[2025-08-30 06:54:01,779] INFO: [skip] Row 73/109: missing OpenAlexID
[2025-08-30 06:54:01,779] INFO: [skip] Row 74/109: missing OpenAlexID
[2025-08-30 06:54:01,780] INFO: [skip] Row 75/109: missing OpenAlexID
[2025-08-30 06:54:01,780] INFO: [skip] Row 76/109: missing OpenAlexID
[2025-08-30 06:54:01,780] INFO: [skip] Row 77/109: missing OpenAlexID
[2025-08-30 06:54:01,780] INFO: [skip] Row 78/109: missing OpenAlexID
[2025-08-30 06:54:01,780] INFO: [skip] Row 79/109: missing OpenAlexID
[2025-08-30 06:54:01,780] INFO: [fetch] Row 80/109: A5069240657
[2025-08-30 06:54:02,121] INFO: [skip] Row 81/109: missing OpenAlexID
[2025-08-30 06:54:02,121] INFO: [skip] Row 82/109: missing OpenAlexID
[2025-08-30 06:54:02,122] INFO: [skip] Row 83/109: missing OpenAlexID
[2025-08-30 06:54:02,122] INFO: [skip] Row 84/109: missing OpenAlexID
[2025-08-30 06:54:02,122] INFO: [fetch] Row 85/109: A5040299789
[2025-08-30 06:54:02,480] INFO: [fetch] Row 86/109: A5072804336
[2025-08-30 06:54:02,809] INFO: [fetch] Row 87/109: a5099938280
[2025-08-30 06:54:03,139] INFO: [skip] Row 88/109: missing OpenAlexID
[2025-08-30 06:54:03,139] INFO: [skip] Row 89/109: missing OpenAlexID
[2025-08-30 06:54:03,139] INFO: [skip] Row 90/109: missing OpenAlexID
[2025-08-30 06:54:03,139] INFO: [skip] Row 91/109: missing OpenAlexID
[2025-08-30 06:54:03,140] INFO: [skip] Row 92/109: missing OpenAlexID
[2025-08-30 06:54:03,140] INFO: [fetch] Row 93/109: A5060613378
[2025-08-30 06:54:03,466] INFO: [skip] Row 94/109: missing OpenAlexID
[2025-08-30 06:54:03,466] INFO: [skip] Row 95/109: missing OpenAlexID
[2025-08-30 06:54:03,467] INFO: [fetch] Row 96/109: A5068345890
[2025-08-30 06:54:03,821] INFO: [fetch] Row 97/109: A5015608769
[2025-08-30 06:54:04,183] INFO: [skip] Row 98/109: missing OpenAlexID
[2025-08-30 06:54:04,183] INFO: [skip] Row 99/109: missing OpenAlexID
[2025-08-30 06:54:04,183] INFO: [skip] Row 100/109: missing OpenAlexID
[2025-08-30 06:54:04,183] INFO: [fetch] Row 101/109: A5012773550
[2025-08-30 06:54:04,537] INFO: [skip] Row 102/109: missing OpenAlexID
[2025-08-30 06:54:04,538] INFO: [fetch] Row 103/109: A5076324446
[2025-08-30 06:54:04,875] INFO: [fetch] Row 104/109: A5064576180
[2025-08-30 06:54:05,223] INFO: [fetch] Row 105/109: A5042190192
[2025-08-30 06:54:05,550] INFO: [fetch] Row 106/109: A5021145543
[2025-08-30 06:54:05,867] INFO: [skip] Row 107/109: missing OpenAlexID
[2025-08-30 06:54:05,868] INFO: [skip] Row 108/109: missing OpenAlexID
[2025-08-30 06:54:05,868] INFO: [skip] Row 109/109: missing OpenAlexID
[2025-08-30 06:54:05,869] INFO: [diff] H_index: 0 rows changed; total delta = 0.0
[2025-08-30 06:54:05,870] INFO: [diff] I10_index: 0 rows changed; total delta = 0.0
[2025-08-30 06:54:05,871] INFO: [diff] Works_count: 0 rows changed; total delta = 0.0
[2025-08-30 06:54:05,871] INFO: [diff] Total_citations: 13 rows changed; total delta = 282.0
[2025-08-30 06:54:05,873] INFO: [ok] Wrote: data/roster_with_metrics.csv
