[2025-10-05 06:49:44,668] INFO: Logging to data/logs/fetch_author_metrics_20251005_064944.log
[2025-10-05 06:49:48,864] WARNING: HTTP 429 from https://api.openalex.org/authors/A5086209639; retrying (attempt 1/3)
[2025-10-05 06:49:52,112] WARNING: HTTP 429 from https://api.openalex.org/authors/A5109335726; retrying (attempt 1/3)
[2025-10-05 06:49:54,969] WARNING: HTTP 429 from https://api.openalex.org/authors/A5082944188; retrying (attempt 1/3)
[2025-10-05 06:50:51,516] WARNING: HTTP 429 from https://api.openalex.org/authors/A5012773550; retrying (attempt 1/3)
[2025-10-05 06:50:53,499] WARNING: HTTP 429 from https://api.openalex.org/authors/A5064576180; retrying (attempt 1/3)
[2025-10-05 06:50:55,330] WARNING: HTTP 429 from https://api.openalex.org/authors/A5021145543; retrying (attempt 1/3)
[2025-10-05 06:50:57,308] WARNING: HTTP 429 from https://api.openalex.org/authors/A5041931998; retrying (attempt 1/3)
[2025-10-05 06:50:59,126] WARNING: HTTP 429 from https://api.openalex.org/authors/A5065477883; retrying (attempt 1/3)
[2025-10-05 06:51:02,145] WARNING: HTTP 429 from https://api.openalex.org/authors/A5089209732; retrying (attempt 1/3)
[2025-10-05 06:51:03,869] WARNING: HTTP 429 from https://api.openalex.org/authors/A5069484372; retrying (attempt 1/3)
[2025-10-05 06:51:05,836] WARNING: HTTP 429 from https://api.openalex.org/authors/A5067480948; retrying (attempt 1/3)
[2025-10-05 06:51:07,593] WARNING: HTTP 429 from https://api.openalex.org/authors/A5082944188; retrying (attempt 1/3)
[2025-10-05 06:51:09,386] WARNING: HTTP 429 from https://api.openalex.org/authors/A5089057590; retrying (attempt 1/3)
[2025-10-05 06:51:11,201] WARNING: HTTP 429 from https://api.openalex.org/authors/A5071220212; retrying (attempt 1/3)
[2025-10-05 06:51:14,382] WARNING: HTTP 429 from https://api.openalex.org/authors/A5042282780; retrying (attempt 1/3)
[2025-10-05 06:51:17,395] WARNING: HTTP 429 from https://api.openalex.org/authors/A5049344986; retrying (attempt 1/3)
[2025-10-05 06:51:20,308] WARNING: HTTP 429 from https://api.openalex.org/authors/A5080173650; retrying (attempt 1/3)
[2025-10-05 06:51:22,326] WARNING: HTTP 429 from https://api.openalex.org/authors/A5067337817; retrying (attempt 1/3)
[2025-10-05 06:51:24,156] WARNING: HTTP 429 from https://api.openalex.org/authors/A5040335896; retrying (attempt 1/3)
[2025-10-05 06:51:26,132] WARNING: HTTP 429 from https://api.openalex.org/authors/A5079772694; retrying (attempt 1/3)
[2025-10-05 06:51:27,943] WARNING: HTTP 429 from https://api.openalex.org/authors/A5049499964; retrying (attempt 1/3)
[2025-10-05 06:51:29,837] WARNING: HTTP 429 from https://api.openalex.org/authors/A5077303655; retrying (attempt 1/3)
[2025-10-05 06:51:31,747] WARNING: HTTP 429 from https://api.openalex.org/authors/A5035453779; retrying (attempt 1/3)
[2025-10-05 06:51:37,646] WARNING: HTTP 429 from https://api.openalex.org/authors/A5037722586; retrying (attempt 1/3)
[2025-10-05 06:51:39,517] WARNING: HTTP 429 from https://api.openalex.org/authors/A5027504302; retrying (attempt 1/3)
[2025-10-05 06:51:41,500] WARNING: HTTP 429 from https://api.openalex.org/authors/A5027297591; retrying (attempt 1/3)
[2025-10-05 06:51:43,384] WARNING: HTTP 429 from https://api.openalex.org/authors/A5045680634; retrying (attempt 1/3)
[2025-10-05 06:51:45,402] WARNING: HTTP 429 from https://api.openalex.org/authors/A5000532437; retrying (attempt 1/3)
[2025-10-05 06:51:47,395] WARNING: HTTP 429 from https://api.openalex.org/authors/A5005216717; retrying (attempt 1/3)
[2025-10-05 06:51:50,790] WARNING: HTTP 429 from https://api.openalex.org/authors/A5007215493; retrying (attempt 1/3)
[2025-10-05 06:51:52,678] WARNING: HTTP 429 from https://api.openalex.org/authors/A5067187666; retrying (attempt 1/3)
[2025-10-05 06:51:55,657] WARNING: HTTP 429 from https://api.openalex.org/authors/A5061166792; retrying (attempt 1/3)
[2025-10-05 06:51:57,469] WARNING: HTTP 429 from https://api.openalex.org/authors/A5033184624; retrying (attempt 1/3)
[2025-10-05 06:51:59,485] WARNING: HTTP 429 from https://api.openalex.org/authors/A5040299789; retrying (attempt 1/3)
[2025-10-05 06:52:01,510] WARNING: HTTP 429 from https://api.openalex.org/authors/A5099938280; retrying (attempt 1/3)
[2025-10-05 06:52:03,405] WARNING: HTTP 429 from https://api.openalex.org/authors/A5068345890; retrying (attempt 1/3)
[2025-10-05 06:52:05,313] WARNING: HTTP 429 from https://api.openalex.org/authors/A5012773550; retrying (attempt 1/3)
[2025-10-05 06:52:07,180] WARNING: HTTP 429 from https://api.openalex.org/authors/A5064576180; retrying (attempt 1/3)
[2025-10-05 06:52:09,188] WARNING: HTTP 429 from https://api.openalex.org/authors/A5021145543; retrying (attempt 1/3)
[2025-10-05 06:52:10,697] INFO: [diff] H_index: 0 rows changed; total delta = 0.0
[2025-10-05 06:52:10,698] INFO: [diff] I10_index: 0 rows changed; total delta = 0.0
[2025-10-05 06:52:10,698] INFO: [diff] Works_count: 1 rows changed; total delta = 1.0
[2025-10-05 06:52:10,699] INFO: [diff] Total_citations: 7 rows changed; total delta = 41.0
[2025-10-05 06:52:10,702] INFO: [ok] Wrote: data/roster_with_metrics.csv
