[2025-08-26 06:56:06,505] INFO: Logging to data/logs/fetch_author_metrics_20250826_065606.log
[2025-08-26 06:56:06,506] WARNING: No contact email provided (--email/OPENALEX_MAILTO/CONTACT_EMAIL). Requests may be throttled.
[2025-08-26 06:56:06,509] INFO: Detected OpenAlex ID column: OpenAlexID
[2025-08-26 06:56:06,510] INFO: Loaded previous output for diffing: data/roster_with_metrics.csv
[2025-08-26 06:56:06,510] INFO: [fetch] Row 1/90: A5097476685
[2025-08-26 06:56:07,037] INFO: [skip] Row 2/90: missing OpenAlexID
[2025-08-26 06:56:07,037] INFO: [fetch] Row 3/90: A5089186675
[2025-08-26 06:56:07,345] INFO: [fetch] Row 4/90: A5054682662
[2025-08-26 06:56:07,660] INFO: [fetch] Row 5/90: A5015254879
[2025-08-26 06:56:07,997] INFO: [fetch] Row 6/90: A5046882263
[2025-08-26 06:56:08,298] INFO: [fetch] Row 7/90: A5062115118
[2025-08-26 06:56:08,606] INFO: [fetch] Row 8/90: A5061235320
[2025-08-26 06:56:08,912] INFO: [fetch] Row 9/90: A5057011174
[2025-08-26 06:56:09,215] INFO: [fetch] Row 10/90: A5063855248
[2025-08-26 06:56:09,513] INFO: [fetch] Row 11/90: A5084242333
[2025-08-26 06:56:10,096] INFO: [fetch] Row 12/90: A5074995793
[2025-08-26 06:56:10,393] INFO: [fetch] Row 13/90: A5058471690
[2025-08-26 06:56:10,725] INFO: [fetch] Row 14/90: A5007124437
[2025-08-26 06:56:11,030] INFO: [fetch] Row 15/90: A5076810213
[2025-08-26 06:56:11,340] INFO: [fetch] Row 16/90: A5086715306
[2025-08-26 06:56:11,639] INFO: [fetch] Row 17/90: A5010407946
[2025-08-26 06:56:11,970] INFO: [skip] Row 18/90: missing OpenAlexID
[2025-08-26 06:56:11,970] INFO: [fetch] Row 19/90: A5076221206
[2025-08-26 06:56:12,271] INFO: [fetch] Row 20/90: A5084554132
[2025-08-26 06:56:12,581] INFO: [fetch] Row 21/90: A5016108047
[2025-08-26 06:56:12,916] INFO: [fetch] Row 22/90: A5028898834
[2025-08-26 06:56:13,214] INFO: [fetch] Row 23/90: A5082336116
[2025-08-26 06:56:13,526] INFO: [fetch] Row 24/90: A5089212646
[2025-08-26 06:56:13,838] INFO: [fetch] Row 25/90: A5085308093
[2025-08-26 06:56:14,170] INFO: [fetch] Row 26/90: A5114186380
[2025-08-26 06:56:14,496] INFO: [fetch] Row 27/90: A5065275438
[2025-08-26 06:56:14,797] INFO: [fetch] Row 28/90: A5058811797
[2025-08-26 06:56:15,106] INFO: [fetch] Row 29/90: A5082097120
[2025-08-26 06:56:15,404] INFO: [fetch] Row 30/90: A5018244111
[2025-08-26 06:56:15,717] INFO: [fetch] Row 31/90: A5022359178
[2025-08-26 06:56:16,038] INFO: [fetch] Row 32/90: A5082450377
[2025-08-26 06:56:16,342] INFO: [fetch] Row 33/90: A5062550388
[2025-08-26 06:56:16,655] INFO: [fetch] Row 34/90: A5112215292
[2025-08-26 06:56:16,971] INFO: [fetch] Row 35/90: A5000020749
[2025-08-26 06:56:17,327] INFO: [fetch] Row 36/90: A5051997692
[2025-08-26 06:56:17,650] INFO: [fetch] Row 37/90: A5084958126
[2025-08-26 06:56:17,959] INFO: [fetch] Row 38/90: A5006542086
[2025-08-26 06:56:18,300] INFO: [fetch] Row 39/90: A5073152049
[2025-08-26 06:56:18,608] INFO: [fetch] Row 40/90: A5093283881
[2025-08-26 06:56:18,957] INFO: [fetch] Row 41/90: A5077397108
[2025-08-26 06:56:19,258] INFO: [fetch] Row 42/90: A5007745969
[2025-08-26 06:56:19,569] INFO: [fetch] Row 43/90: A5052740198
[2025-08-26 06:56:19,885] INFO: [fetch] Row 44/90: A5112268003
[2025-08-26 06:56:20,197] INFO: [fetch] Row 45/90: A5114186382
[2025-08-26 06:56:20,505] INFO: [fetch] Row 46/90: A5068916305
[2025-08-26 06:56:20,834] INFO: [fetch] Row 47/90: A5113946927
[2025-08-26 06:56:21,135] INFO: [fetch] Row 48/90: A5035027217
[2025-08-26 06:56:21,474] INFO: [fetch] Row 49/90: A5004098689
[2025-08-26 06:56:21,790] INFO: [fetch] Row 50/90: A5042612602
[2025-08-26 06:56:22,104] INFO: [fetch] Row 51/90: A5053168359
[2025-08-26 06:56:22,404] INFO: [fetch] Row 52/90: A5090343464
[2025-08-26 06:56:22,745] INFO: [fetch] Row 53/90: A5088238215
[2025-08-26 06:56:23,055] INFO: [fetch] Row 54/90: A5088351601
[2025-08-26 06:56:23,401] INFO: [fetch] Row 55/90: A5075424399
[2025-08-26 06:56:23,707] INFO: [fetch] Row 56/90: A5012761747
[2025-08-26 06:56:24,036] INFO: [fetch] Row 57/90: A5110510421
[2025-08-26 06:56:24,338] INFO: [fetch] Row 58/90: A5108237524
[2025-08-26 06:56:24,639] INFO: [fetch] Row 59/90: A5079324010
[2025-08-26 06:56:24,987] INFO: [fetch] Row 60/90: A5110138668
[2025-08-26 06:56:25,296] INFO: [fetch] Row 61/90: A5041791584
[2025-08-26 06:56:25,647] INFO: [fetch] Row 62/90: A5114252403
[2025-08-26 06:56:25,955] INFO: [fetch] Row 63/90: A5023258863
[2025-08-26 06:56:26,254] INFO: [fetch] Row 64/90: A5083737761
[2025-08-26 06:56:26,557] INFO: [fetch] Row 65/90: A5034547939
[2025-08-26 06:56:26,912] INFO: [fetch] Row 66/90: A5104182467
[2025-08-26 06:56:27,240] INFO: [fetch] Row 67/90: A5002583112
[2025-08-26 06:56:27,581] INFO: [fetch] Row 68/90: A5074399476
[2025-08-26 06:56:27,897] INFO: [fetch] Row 69/90: A5037393069
[2025-08-26 06:56:28,218] INFO: [fetch] Row 70/90: A5077375646
[2025-08-26 06:56:28,526] INFO: [fetch] Row 71/90: A5038571433
[2025-08-26 06:56:28,831] INFO: [fetch] Row 72/90: A5049770537
[2025-08-26 06:56:29,147] INFO: [fetch] Row 73/90: A5110902158
[2025-08-26 06:56:29,456] INFO: [fetch] Row 74/90: A5064980480
[2025-08-26 06:56:29,760] INFO: [fetch] Row 75/90: A5111941038
[2025-08-26 06:56:30,061] INFO: [fetch] Row 76/90: A5036733857
[2025-08-26 06:56:30,372] INFO: [fetch] Row 77/90: A5026303269
[2025-08-26 06:56:30,691] INFO: [fetch] Row 78/90: A5065334735
[2025-08-26 06:56:30,991] INFO: [fetch] Row 79/90: A5038141195
[2025-08-26 06:56:31,301] INFO: [fetch] Row 80/90: A5021898290
[2025-08-26 06:56:31,610] INFO: [fetch] Row 81/90: A5055196299
[2025-08-26 06:56:31,926] INFO: [fetch] Row 82/90: A5050841380
[2025-08-26 06:56:32,233] INFO: [fetch] Row 83/90: A5052164943
[2025-08-26 06:56:32,686] INFO: [fetch] Row 84/90: A5017321423
[2025-08-26 06:56:32,984] INFO: [fetch] Row 85/90: A5036556782
[2025-08-26 06:56:33,292] INFO: [fetch] Row 86/90: A5046493714
[2025-08-26 06:56:33,596] INFO: [fetch] Row 87/90: A5060461427
[2025-08-26 06:56:33,901] INFO: [fetch] Row 88/90: A5022803956
[2025-08-26 06:56:34,227] INFO: [fetch] Row 89/90: A5022803956
[2025-08-26 06:56:34,538] INFO: [fetch] Row 90/90: A5086163497
[2025-08-26 06:56:34,850] INFO: [diff] H_index: 0 rows changed; total delta = 0.0
[2025-08-26 06:56:34,851] INFO: [diff] I10_index: 0 rows changed; total delta = 0.0
[2025-08-26 06:56:34,852] INFO: [diff] Works_count: 0 rows changed; total delta = 0.0
[2025-08-26 06:56:34,852] INFO: [diff] Total_citations: 0 rows changed; total delta = 0.0
[2025-08-26 06:56:34,854] INFO: [ok] Wrote: data/roster_with_metrics.csv
